Could not read previous export (for caching), doing full export.
bg: Exporting image
anchor: Exporting image
portrait4: Exporting image
portrait3: Exporting image
portrait2: Exporting image
portrait1: Exporting image
portrait0: Exporting image
dot4: Exporting image
dot3: Exporting image
dot2: Exporting image
dot1: Exporting image
dot0: Exporting image
img4: Exporting image
img3: Exporting image
img2: Exporting image
img1: Exporting image
img0: Exporting image
title4: Exporting image
title3: Exporting image
title2: Exporting image
title1: Exporting image
title0: Exporting image
26 views changed
Success: /Users/lineplus/Desktop/Framer/Book/onChange_page.framer/imported/page Event@1x
